<?xml version="1.0" encoding="UTF-8"?>
<testng-results ignored="0" total="1" passed="1" failed="0" skipped="0">
  <reporter-output>
  </reporter-output>
  <suite started-at="2019-09-24T09:26:31 EDT" name="Suite" finished-at="2019-09-24T09:26:31 EDT" duration-ms="46">
    <groups>
    </groups>
    <test started-at="2019-09-24T09:26:31 EDT" name="Test" finished-at="2019-09-24T09:26:31 EDT" duration-ms="46">
      <class name="Qaclickacademy.DcgfhjTest">
        <test-method signature="ghfgh()[pri:0, instance:Qaclickacademy.DcgfhjTest@7fe8ea47]" started-at="2019-09-24T09:26:31 EDT" name="ghfgh" finished-at="2019-09-24T09:26:31 EDT" duration-ms="13" status="PASS">
          <reporter-output>
          </reporter-output>
        </test-method> <!-- ghfgh -->
      </class> <!-- Qaclickacademy.DcgfhjTest -->
    </test> <!-- Test -->
  </suite> <!-- Suite -->
</testng-results>
